<?xml version="1.0" encoding="UTF-8"?>
<testng-results skipped="0" failed="0" ignored="0" total="2" passed="2">
  <reporter-output>
  </reporter-output>
  <suite name="Default suite" duration-ms="85081" started-at="2019-10-11T13:29:59Z" finished-at="2019-10-11T13:31:25Z">
    <groups>
    </groups>
    <test name="Default test" duration-ms="85081" started-at="2019-10-11T13:29:59Z" finished-at="2019-10-11T13:31:25Z">
      <class name="Image.ImageUpload">
        <test-method status="PASS" signature="test_setup()[pri:1, instance:Image.ImageUpload@1e397ed7]" name="test_setup" duration-ms="20987" started-at="2019-10-11T18:59:59Z" finished-at="2019-10-11T19:00:20Z">
          <reporter-output>
          </reporter-output>
        </test-method> <!-- test_setup -->
        <test-method status="PASS" signature="test()[pri:2, instance:Image.ImageUpload@1e397ed7]" name="test" duration-ms="58960" started-at="2019-10-11T19:00:20Z" finished-at="2019-10-11T19:01:19Z">
          <reporter-output>
          </reporter-output>
        </test-method> <!-- test -->
        <test-method status="PASS" signature="Aftertest()[pri:0, instance:Image.ImageUpload@1e397ed7]" name="Aftertest" is-config="true" duration-ms="5096" started-at="2019-10-11T19:01:19Z" finished-at="2019-10-11T19:01:25Z">
          <reporter-output>
          </reporter-output>
        </test-method> <!-- Aftertest -->
      </class> <!-- Image.ImageUpload -->
    </test> <!-- Default test -->
  </suite> <!-- Default suite -->
</testng-results>
